# vsim -c -l report.log -voptargs="+acc" -do "run -all" work.tb_arbiter 
# Start time: 15:28:00 on Sep 08,2023
# ** Note: (vsim-3813) Design is being optimized due to module recompilation...
# 
# //  Questa Sim-64
# //  Version 10.4c win64 Jul 20 2015
# //
# //  Copyright 1991-2015 Mentor Graphics Corporation
# //  All Rights Reserved.
# //
# //  THIS WORK CONTAINS TRADE SECRET AND PROPRIETARY INFORMATION
# //  WHICH IS THE PROPERTY OF MENTOR GRAPHICS CORPORATION OR ITS
# //  LICENSORS AND IS SUBJECT TO LICENSE TERMS.
# //  THIS DOCUMENT CONTAINS TRADE SECRETS AND COMMERCIAL OR FINANCIAL
# //  INFORMATION THAT ARE PRIVILEGED, CONFIDENTIAL, AND EXEMPT FROM
# //  DISCLOSURE UNDER THE FREEDOM OF INFORMATION ACT, 5 U.S.C. SECTION 552.
# //  FURTHERMORE, THIS INFORMATION IS PROHIBITED FROM DISCLOSURE UNDER
# //  THE TRADE SECRETS ACT, 18 U.S.C. SECTION 1905.
# //
# Loading sv_std.std
# Loading work.tb_arbiter(fast)
# Loading work.arbiter(fast)
# Loading work.decoder_4to16(fast)
# Loading work.decoder_2to4(fast)
# run -all
# ** Note: $finish    : ../../tb/tb_arbiter.sv(136)
#    Time: 95500 ps  Iteration: 0  Instance: /tb_arbiter
# End time: 15:28:01 on Sep 08,2023, Elapsed time: 0:00:01
# Errors: 0, Warnings: 0
